{"level":"warn","message":"La ruta: /asd, con el metodo: GET. No existe"}
{"level":"error","message":"User already exists"}
{"level":"warn","message":"La ruta: /favicon.ico, con el metodo: GET. No existe"}
{"level":"error","message":"Invalid Password"}
{"level":"error","message":"Invalid Password"}
{"level":"warn","message":"La ruta: /favicon.ico, con el metodo: GET. No existe"}
{"level":"warn","message":"La ruta: /json, con el metodo: GET. No existe"}
{"level":"warn","message":"La ruta: /json, con el metodo: GET. No existe"}
{"level":"warn","message":"La ruta: /json/version, con el metodo: GET. No existe"}
{"level":"warn","message":"La ruta: /json, con el metodo: GET. No existe"}
{"level":"warn","message":"La ruta: /json/version, con el metodo: GET. No existe"}
{"level":"warn","message":"La ruta: /json, con el metodo: GET. No existe"}
{"level":"warn","message":"La ruta: /json/version, con el metodo: GET. No existe"}
{"level":"warn","message":"La ruta: /json, con el metodo: GET. No existe"}
{"level":"warn","message":"La ruta: /json/version, con el metodo: GET. No existe"}
{"level":"warn","message":"La ruta: /json, con el metodo: GET. No existe"}
{"level":"warn","message":"La ruta: /json/version, con el metodo: GET. No existe"}
{"level":"warn","message":"La ruta: /json, con el metodo: GET. No existe"}
{"level":"warn","message":"La ruta: /json/version, con el metodo: GET. No existe"}
{"level":"warn","message":"La ruta: /json, con el metodo: GET. No existe"}
{"level":"warn","message":"La ruta: /json/version, con el metodo: GET. No existe"}
{"level":"warn","message":"La ruta: /json, con el metodo: GET. No existe"}
{"level":"warn","message":"La ruta: /json/version, con el metodo: GET. No existe"}
{"level":"warn","message":"La ruta: /json, con el metodo: GET. No existe"}
{"level":"warn","message":"La ruta: /json/version, con el metodo: GET. No existe"}
{"level":"warn","message":"La ruta: /json, con el metodo: GET. No existe"}
{"level":"warn","message":"La ruta: /json/version, con el metodo: GET. No existe"}
{"level":"warn","message":"La ruta: /json, con el metodo: GET. No existe"}
{"level":"warn","message":"La ruta: /json/version, con el metodo: GET. No existe"}

